[debug] [2020-12-21T20:07:19.610Z] ----------------------------------------------------------------------
[debug] [2020-12-21T20:07:19.612Z] Command:       /usr/local/Cellar/node/15.3.0/bin/node /usr/local/bin/firebase deploy
[debug] [2020-12-21T20:07:19.612Z] CLI Version:   8.14.1
[debug] [2020-12-21T20:07:19.612Z] Platform:      darwin
[debug] [2020-12-21T20:07:19.612Z] Node Version:  v15.3.0
[debug] [2020-12-21T20:07:19.613Z] Time:          Tue Dec 22 2020 01:37:19 GMT+0530 (India Standard Time)
[debug] [2020-12-21T20:07:19.613Z] ----------------------------------------------------------------------
[debug] [2020-12-21T20:07:19.614Z] 
[debug] [2020-12-21T20:07:19.622Z] > command requires scopes: ["email","openid","https://www.googleapis.com/auth/cloudplatformprojects.readonly","https://www.googleapis.com/auth/firebase","https://www.googleapis.com/auth/cloud-platform"]
[debug] [2020-12-21T20:07:19.622Z] > authorizing via signed-in user
[debug] [2020-12-21T20:07:19.622Z] [iam] checking project github-language-visualizer for permissions ["firebase.projects.get","firebasehosting.sites.update"]
[debug] [2020-12-21T20:07:19.625Z] > refreshing access token with scopes: ["email","https://www.googleapis.com/auth/cloud-platform","https://www.googleapis.com/auth/cloudplatformprojects.readonly","https://www.googleapis.com/auth/firebase","openid"]
[debug] [2020-12-21T20:07:19.625Z] >>> HTTP REQUEST POST https://www.googleapis.com/oauth2/v3/token  
 <request body omitted>
[debug] [2020-12-21T20:07:19.796Z] <<< HTTP RESPONSE 200 {"date":"Mon, 21 Dec 2020 20:07:19 GMT","pragma":"no-cache","expires":"Mon, 01 Jan 1990 00:00:00 GMT","cache-control":"no-cache, no-store, max-age=0, must-revalidate","content-type":"application/json; charset=utf-8","vary":"X-Origin, Referer, Origin,Accept-Encoding","server":"scaffolding on HTTPServer2","x-xss-protection":"0","x-frame-options":"SAMEORIGIN","x-content-type-options":"nosniff","alt-svc":"h3-29=\":443\"; ma=2592000,h3-T051=\":443\"; ma=2592000,h3-Q050=\":443\"; ma=2592000,h3-Q046=\":443\"; ma=2592000,h3-Q043=\":443\"; ma=2592000,quic=\":443\"; ma=2592000; v=\"46,43\"","accept-ranges":"none","transfer-encoding":"chunked"}
[debug] [2020-12-21T20:07:19.809Z] >>> HTTP REQUEST POST https://cloudresourcemanager.googleapis.com/v1/projects/github-language-visualizer:testIamPermissions  
 {"permissions":["firebase.projects.get","firebasehosting.sites.update"]}
[debug] [2020-12-21T20:08:35.675Z] [iam] error while checking permissions, command may fail: FirebaseError: Server Error. connect ETIMEDOUT 216.58.200.138:443
[debug] [2020-12-21T20:08:35.676Z] >>> HTTP REQUEST GET https://firebase.googleapis.com/v1beta1/projects/github-language-visualizer  
 
[debug] [2020-12-21T20:08:36.022Z] <<< HTTP RESPONSE 200 {"content-type":"application/json; charset=UTF-8","vary":"X-Origin, Referer, Origin,Accept-Encoding","date":"Mon, 21 Dec 2020 20:08:35 GMT","server":"ESF","cache-control":"private","x-xss-protection":"0","x-frame-options":"SAMEORIGIN","x-content-type-options":"nosniff","alt-svc":"h3-29=\":443\"; ma=2592000,h3-T051=\":443\"; ma=2592000,h3-Q050=\":443\"; ma=2592000,h3-Q046=\":443\"; ma=2592000,h3-Q043=\":443\"; ma=2592000,quic=\":443\"; ma=2592000; v=\"46,43\"","accept-ranges":"none","transfer-encoding":"chunked"}
[info] 
[info] === Deploying to 'github-language-visualizer'...
[info] 
[info] i  deploying hosting 
[debug] [2020-12-21T20:08:36.028Z] >>> HTTP REQUEST POST https://firebasehosting.googleapis.com/v1beta1/sites/github-language-visualizer/versions  
 {"config":{"rewrites":[{"glob":"**","path":"/index.html"}]},"labels":{"deployment-tool":"cli-firebase"}}
[debug] [2020-12-21T20:08:37.959Z] <<< HTTP RESPONSE 200 {"content-type":"application/json; charset=UTF-8","vary":"X-Origin, Referer, Origin,Accept-Encoding","date":"Mon, 21 Dec 2020 20:08:37 GMT","server":"ESF","cache-control":"private","x-xss-protection":"0","x-frame-options":"SAMEORIGIN","x-content-type-options":"nosniff","alt-svc":"h3-29=\":443\"; ma=2592000,h3-T051=\":443\"; ma=2592000,h3-Q050=\":443\"; ma=2592000,h3-Q046=\":443\"; ma=2592000,h3-Q043=\":443\"; ma=2592000,quic=\":443\"; ma=2592000; v=\"46,43\"","accept-ranges":"none","transfer-encoding":"chunked"}
[info] i  hosting[github-language-visualizer]: beginning deploy... 
[info] i  hosting[github-language-visualizer]: found 9 files in ./public 
[debug] [2020-12-21T20:08:38.750Z] [hosting] hash cache [cHVibGlj] stored for 9 files
[debug] [2020-12-21T20:08:38.750Z] [hosting][hash queue][FINAL] {"max":779,"min":1,"avg":96.88888888888889,"active":0,"complete":9,"success":9,"errored":0,"retried":0,"total":9,"elapsed":784}
[debug] [2020-12-21T20:08:38.751Z] >>> HTTP REQUEST POST https://firebasehosting.googleapis.com/v1beta1/sites/github-language-visualizer/versions/bec3befdeabc04ae:populateFiles  
 <request body omitted>
[debug] [2020-12-21T20:08:40.528Z] <<< HTTP RESPONSE 200 {"content-type":"application/json; charset=UTF-8","vary":"X-Origin, Referer, Origin,Accept-Encoding","date":"Mon, 21 Dec 2020 20:08:40 GMT","server":"ESF","cache-control":"private","x-xss-protection":"0","x-frame-options":"SAMEORIGIN","x-content-type-options":"nosniff","alt-svc":"h3-29=\":443\"; ma=2592000,h3-T051=\":443\"; ma=2592000,h3-Q050=\":443\"; ma=2592000,h3-Q046=\":443\"; ma=2592000,h3-Q043=\":443\"; ma=2592000,quic=\":443\"; ma=2592000; v=\"46,43\"","accept-ranges":"none","transfer-encoding":"chunked"}
[debug] [2020-12-21T20:08:40.535Z] [hosting][populate queue][FINAL] {"max":1782,"min":1782,"avg":1782,"active":0,"complete":1,"success":1,"errored":0,"retried":0,"total":1,"elapsed":1786}
[debug] [2020-12-21T20:08:40.535Z] [hosting] uploads queued: 4
[debug] [2020-12-21T20:09:10.950Z] [uploadQueue] Retrying task e9e892622a94abd990f8b8edbd43f2fad52ab289f2198edcd8f2928fb180439a
[debug] [2020-12-21T20:09:10.951Z] [uploadQueue] Retrying task 429d792615c93ecd259989a14fcc45191ebcac1f06e67f899ecaa5a4b0a8da7a
[debug] [2020-12-21T20:09:15.266Z] [uploadQueue] Retrying task 919c32f0a65fff374207a8737fa14f069bd5e047fc38c9cf1ea9bedd4593b07a
[debug] [2020-12-21T20:09:41.757Z] [uploadQueue] Retrying task e9e892622a94abd990f8b8edbd43f2fad52ab289f2198edcd8f2928fb180439a
[debug] [2020-12-21T20:09:41.758Z] [uploadQueue] Retrying task 429d792615c93ecd259989a14fcc45191ebcac1f06e67f899ecaa5a4b0a8da7a
[debug] [2020-12-21T20:09:50.400Z] [uploadQueue] Retrying task 919c32f0a65fff374207a8737fa14f069bd5e047fc38c9cf1ea9bedd4593b07a
[debug] [2020-12-21T20:09:56.903Z] [uploadQueue] Retrying task 7be9ed4172c240bb50fc39b7fbe242ec7bb2e4d231d2cba09d2d3b96383c503a
[debug] [2020-12-21T20:10:13.367Z] [uploadQueue] Retrying task e9e892622a94abd990f8b8edbd43f2fad52ab289f2198edcd8f2928fb180439a
[debug] [2020-12-21T20:10:13.373Z] [uploadQueue] Retrying task 429d792615c93ecd259989a14fcc45191ebcac1f06e67f899ecaa5a4b0a8da7a
[debug] [2020-12-21T20:10:26.338Z] [uploadQueue] Retrying task 919c32f0a65fff374207a8737fa14f069bd5e047fc38c9cf1ea9bedd4593b07a
[debug] [2020-12-21T20:10:46.579Z] [uploadQueue] Retrying task e9e892622a94abd990f8b8edbd43f2fad52ab289f2198edcd8f2928fb180439a
[debug] [2020-12-21T20:10:46.581Z] [uploadQueue] Retrying task 429d792615c93ecd259989a14fcc45191ebcac1f06e67f899ecaa5a4b0a8da7a
[debug] [2020-12-21T20:11:03.878Z] [uploadQueue] Retrying task 919c32f0a65fff374207a8737fa14f069bd5e047fc38c9cf1ea9bedd4593b07a
[debug] [2020-12-21T20:11:13.490Z] [uploadQueue] Retrying task 7be9ed4172c240bb50fc39b7fbe242ec7bb2e4d231d2cba09d2d3b96383c503a
[debug] [2020-12-21T20:11:22.991Z] [uploadQueue] Retrying task e9e892622a94abd990f8b8edbd43f2fad52ab289f2198edcd8f2928fb180439a
[debug] [2020-12-21T20:11:22.993Z] [uploadQueue] Retrying task 429d792615c93ecd259989a14fcc45191ebcac1f06e67f899ecaa5a4b0a8da7a
